12:52:29 AM:DEBUG [logger_base.py:14] Mensaje a nivel debug
12:52:29 AM:INFO [logger_base.py:15] Mensaje a nivel info
12:52:29 AM:WARNING [logger_base.py:16] Mensaje a nivel warning
12:52:29 AM:ERROR [logger_base.py:17] Mensaje a nivel error
12:52:29 AM:CRITICAL [logger_base.py:18] Mensaje a nivel critical
12:53:16 AM Sun:DEBUG [logger_base.py:14] Mensaje a nivel debug
12:53:16 AM Sun:INFO [logger_base.py:15] Mensaje a nivel info
12:53:16 AM Sun:WARNING [logger_base.py:16] Mensaje a nivel warning
12:53:16 AM Sun:ERROR [logger_base.py:17] Mensaje a nivel error
12:53:16 AM Sun:CRITICAL [logger_base.py:18] Mensaje a nivel critical
12:53:25 AM:DEBUG [logger_base.py:14] Mensaje a nivel debug
12:53:25 AM:INFO [logger_base.py:15] Mensaje a nivel info
12:53:25 AM:WARNING [logger_base.py:16] Mensaje a nivel warning
12:53:25 AM:ERROR [logger_base.py:17] Mensaje a nivel error
12:53:25 AM:CRITICAL [logger_base.py:18] Mensaje a nivel critical
01:56:24 PM:DEBUG [Persona.py:53] 
            Id Persona: 1,
            Nombre: Ludmila,
            Apellido: Rossi,
            Email: lurossi@gmail.com
        
02:02:02 PM:DEBUG [Persona.py:55] 
            Id Persona: 1,
            Nombre: Ludmila,
            Apellido: Rossi,
            Email: lurossi@gmail.com
        
02:02:02 PM:DEBUG [Persona.py:57] 
            Id Persona: None,
            Nombre: Kevin,
            Apellido: LaRocca,
            Email: larocca@gmail.com
        
02:03:56 PM:DEBUG [Persona.py:55] 
            Id Persona: 1,
            Nombre: Ludmila,
            Apellido: Rossi,
            Email: lurossi@gmail.com
        
02:03:56 PM:DEBUG [Persona.py:57] 
            Id Persona: None,
            Nombre: Kevin,
            Apellido: LaRocca,
            Email: larocca@gmail.com
        
02:03:56 PM:DEBUG [Persona.py:59] 
            Id Persona: 1,
            Nombre: None,
            Apellido: None,
            Email: None
        
02:11:02 PM:DEBUG [conexion.py:25] Conexion Exitosa: <connection object at 0x0000020E939A3120; dsn: 'user=postgres password=xxx dbname=test_bd host=127.0.0.1 port=5432', closed: 0>
02:11:02 PM:DEBUG [conexion.py:38] Se abrio correctamente el cursor: <cursor object at 0x0000020E94343760; closed: 0>
11:24:03 AM:DEBUG [conexion.py:38] Creacion del pool exitosa: <psycopg2.pool.SimpleConnectionPool object at 0x0000019871055750>
11:24:45 AM:DEBUG [conexion.py:38] Creacion del pool exitosa: <psycopg2.pool.SimpleConnectionPool object at 0x0000022E79A7E740>
11:24:45 AM:DEBUG [conexion.py:20] Conexion obtenida del pool: <connection object at 0x0000022E77B63230; dsn: 'user=postgres password=xxx dbname=test_bd host=127.0.0.1 port=5432', closed: 0>
11:24:45 AM:DEBUG [conexion.py:20] Conexion obtenida del pool: <connection object at 0x0000022E77B63010; dsn: 'user=postgres password=xxx dbname=test_bd host=127.0.0.1 port=5432', closed: 0>
11:25:43 AM:DEBUG [conexion.py:38] Creacion del pool exitosa: <psycopg2.pool.SimpleConnectionPool object at 0x000001791CA5E7D0>
11:25:43 AM:DEBUG [conexion.py:20] Conexion obtenida del pool: <connection object at 0x000001791AB13230; dsn: 'user=postgres password=xxx dbname=test_bd host=127.0.0.1 port=5432', closed: 0>
11:25:43 AM:DEBUG [conexion.py:20] Conexion obtenida del pool: <connection object at 0x000001791AB13010; dsn: 'user=postgres password=xxx dbname=test_bd host=127.0.0.1 port=5432', closed: 0>
11:25:43 AM:DEBUG [conexion.py:20] Conexion obtenida del pool: <connection object at 0x000001791AB13EF0; dsn: 'user=postgres password=xxx dbname=test_bd host=127.0.0.1 port=5432', closed: 0>
11:26:01 AM:DEBUG [conexion.py:38] Creacion del pool exitosa: <psycopg2.pool.SimpleConnectionPool object at 0x00000233BC84E8F0>
11:26:01 AM:DEBUG [conexion.py:20] Conexion obtenida del pool: <connection object at 0x00000233BA523230; dsn: 'user=postgres password=xxx dbname=test_bd host=127.0.0.1 port=5432', closed: 0>
11:26:01 AM:DEBUG [conexion.py:20] Conexion obtenida del pool: <connection object at 0x00000233BA523010; dsn: 'user=postgres password=xxx dbname=test_bd host=127.0.0.1 port=5432', closed: 0>
11:26:01 AM:DEBUG [conexion.py:20] Conexion obtenida del pool: <connection object at 0x00000233BA523EF0; dsn: 'user=postgres password=xxx dbname=test_bd host=127.0.0.1 port=5432', closed: 0>
11:26:01 AM:DEBUG [conexion.py:20] Conexion obtenida del pool: <connection object at 0x00000233BCAC86A0; dsn: 'user=postgres password=xxx dbname=test_bd host=127.0.0.1 port=5432', closed: 0>
11:26:01 AM:DEBUG [conexion.py:20] Conexion obtenida del pool: <connection object at 0x00000233BCAC87B0; dsn: 'user=postgres password=xxx dbname=test_bd host=127.0.0.1 port=5432', closed: 0>
